This is pdfTeX, Version 3.141592653-2.6-1.40.25 (MiKTeX 23.4) (preloaded format=pdflatex 2025.2.10)  3 SEP 2025 13:33
entering extended mode
 restricted \write18 enabled.
 file:line:error style messages enabled.
 %&-line parsing enabled.
**"c:/Users/lucas/OneDrive - Yale University/GitHub/SCOMP/writeup_SCOMP/empirical_v3.tex"
(c:/Users/lucas/OneDrive - Yale University/GitHub/SCOMP/writeup_SCOMP/empirical_v3.tex
LaTeX2e <2022-11-01> patch level 1
L3 programming layer <2023-03-30> (C:\Users\lucas\AppData\Local\Programs\MiKTeX\tex/latex/base\article.cls
Document Class: article 2022/07/02 v1.4n Standard LaTeX document class
(C:\Users\lucas\AppData\Local\Programs\MiKTeX\tex/latex/base\size12.clo
File: size12.clo 2022/07/02 v1.4n Standard LaTeX file (size option)
)
\c@part=\count185
\c@section=\count186
\c@subsection=\count187
\c@subsubsection=\count188
\c@paragraph=\count189
\c@subparagraph=\count190
\c@figure=\count191
\c@table=\count192
\abovecaptionskip=\skip48
\belowcaptionskip=\skip49
\bibindent=\dimen140
) (C:\Users\lucas\AppData\Local\Programs\MiKTeX\tex/latex/amsfonts\amsfonts.sty
Package: amsfonts 2013/01/14 v3.01 Basic AMSFonts support
\@emptytoks=\toks16
\symAMSa=\mathgroup4
\symAMSb=\mathgroup5
LaTeX Font Info:    Redeclaring math symbol \hbar on input line 98.
LaTeX Font Info:    Overwriting math alphabet `\mathfrak' in version `bold'
(Font)                  U/euf/m/n --> U/euf/b/n on input line 106.
) (C:\Users\lucas\AppData\Local\Programs\MiKTeX\tex/latex/eurosym\eurosym.sty
Package: eurosym 1998/08/06 v1.1 European currency symbol ``Euro''
\@eurobox=\box51
) (C:\Users\lucas\AppData\Local\Programs\MiKTeX\tex/latex/geometry\geometry.sty
Package: geometry 2020/01/02 v5.9 Page Geometry
 (C:\Users\lucas\AppData\Local\Programs\MiKTeX\tex/latex/graphics\keyval.sty
Package: keyval 2022/05/29 v1.15 key=value parser (DPC)
\KV@toks@=\toks17
) (C:\Users\lucas\AppData\Local\Programs\MiKTeX\tex/generic/iftex\ifvtex.sty
Package: ifvtex 2019/10/25 v1.7 ifvtex legacy package. Use iftex instead.
 (C:\Users\lucas\AppData\Local\Programs\MiKTeX\tex/generic/iftex\iftex.sty
Package: iftex 2022/02/03 v1.0f TeX engine tests
))
\Gm@cnth=\count193
\Gm@cntv=\count194
\c@Gm@tempcnt=\count195
\Gm@bindingoffset=\dimen141
\Gm@wd@mp=\dimen142
\Gm@odd@mp=\dimen143
\Gm@even@mp=\dimen144
\Gm@layoutwidth=\dimen145
\Gm@layoutheight=\dimen146
\Gm@layouthoffset=\dimen147
\Gm@layoutvoffset=\dimen148
\Gm@dimlist=\toks18
 (C:\Users\lucas\AppData\Local\Programs\MiKTeX\tex/latex/geometry\geometry.cfg)) (C:\Users\lucas\AppData\Local\Programs\MiKTeX\tex/latex/amsmath\amsmath.sty
Package: amsmath 2022/04/08 v2.17n AMS math features
\@mathmargin=\skip50

For additional information on amsmath, use the `?' option.
(C:\Users\lucas\AppData\Local\Programs\MiKTeX\tex/latex/amsmath\amstext.sty
Package: amstext 2021/08/26 v2.01 AMS text
 (C:\Users\lucas\AppData\Local\Programs\MiKTeX\tex/latex/amsmath\amsgen.sty
File: amsgen.sty 1999/11/30 v2.0 generic functions
\@emptytoks=\toks19
\ex@=\dimen149
)) (C:\Users\lucas\AppData\Local\Programs\MiKTeX\tex/latex/amsmath\amsbsy.sty
Package: amsbsy 1999/11/29 v1.2d Bold Symbols
\pmbraise@=\dimen150
) (C:\Users\lucas\AppData\Local\Programs\MiKTeX\tex/latex/amsmath\amsopn.sty
Package: amsopn 2022/04/08 v2.04 operator names
)
\inf@bad=\count196
LaTeX Info: Redefining \frac on input line 234.
\uproot@=\count197
\leftroot@=\count198
LaTeX Info: Redefining \overline on input line 399.
LaTeX Info: Redefining \colon on input line 410.
\classnum@=\count199
\DOTSCASE@=\count266
LaTeX Info: Redefining \ldots on input line 496.
LaTeX Info: Redefining \dots on input line 499.
LaTeX Info: Redefining \cdots on input line 620.
\Mathstrutbox@=\box52
\strutbox@=\box53
LaTeX Info: Redefining \big on input line 722.
LaTeX Info: Redefining \Big on input line 723.
LaTeX Info: Redefining \bigg on input line 724.
LaTeX Info: Redefining \Bigg on input line 725.
\big@size=\dimen151
LaTeX Font Info:    Redeclaring font encoding OML on input line 743.
LaTeX Font Info:    Redeclaring font encoding OMS on input line 744.
\macc@depth=\count267
LaTeX Info: Redefining \bmod on input line 905.
LaTeX Info: Redefining \pmod on input line 910.
LaTeX Info: Redefining \smash on input line 940.
LaTeX Info: Redefining \relbar on input line 970.
LaTeX Info: Redefining \Relbar on input line 971.
\c@MaxMatrixCols=\count268
\dotsspace@=\muskip16
\c@parentequation=\count269
\dspbrk@lvl=\count270
\tag@help=\toks20
\row@=\count271
\column@=\count272
\maxfields@=\count273
\andhelp@=\toks21
\eqnshift@=\dimen152
\alignsep@=\dimen153
\tagshift@=\dimen154
\tagwidth@=\dimen155
\totwidth@=\dimen156
\lineht@=\dimen157
\@envbody=\toks22
\multlinegap=\skip51
\multlinetaggap=\skip52
\mathdisplay@stack=\toks23
LaTeX Info: Redefining \[ on input line 2953.
LaTeX Info: Redefining \] on input line 2954.
) (C:\Users\lucas\AppData\Local\Programs\MiKTeX\tex/latex/amscls\amsthm.sty
Package: amsthm 2020/05/29 v2.20.6
\thm@style=\toks24
\thm@bodyfont=\toks25
\thm@headfont=\toks26
\thm@notefont=\toks27
\thm@headpunct=\toks28
\thm@preskip=\skip53
\thm@postskip=\skip54
\thm@headsep=\skip55
\dth@everypar=\toks29
) (C:\Users\lucas\AppData\Local\Programs\MiKTeX\tex/latex/amsfonts\amssymb.sty
Package: amssymb 2013/01/14 v3.01 AMS font symbols
) (C:\Users\lucas\AppData\Local\Programs\MiKTeX\tex/latex/graphics\graphicx.sty
Package: graphicx 2021/09/16 v1.2d Enhanced LaTeX Graphics (DPC,SPQR)
 (C:\Users\lucas\AppData\Local\Programs\MiKTeX\tex/latex/graphics\graphics.sty
Package: graphics 2022/03/10 v1.4e Standard LaTeX Graphics (DPC,SPQR)
 (C:\Users\lucas\AppData\Local\Programs\MiKTeX\tex/latex/graphics\trig.sty
Package: trig 2021/08/11 v1.11 sin cos tan (DPC)
) (C:\Users\lucas\AppData\Local\Programs\MiKTeX\tex/latex/graphics-cfg\graphics.cfg
File: graphics.cfg 2016/06/04 v1.11 sample graphics configuration
)
Package graphics Info: Driver file: pdftex.def on input line 107.
 (C:\Users\lucas\AppData\Local\Programs\MiKTeX\tex/latex/graphics-def\pdftex.def
File: pdftex.def 2022/09/22 v1.2b Graphics/color driver for pdftex
))
\Gin@req@height=\dimen158
\Gin@req@width=\dimen159
) (C:\Users\lucas\AppData\Local\Programs\MiKTeX\tex/latex/comment\comment.sty
\CommentStream=\write3
 Excluding comment 'comment') (C:\Users\lucas\AppData\Local\Programs\MiKTeX\tex/latex/adjustbox\adjustbox.sty
Package: adjustbox 2022/10/17 v1.3a Adjusting TeX boxes (trim, clip, ...)
 (C:\Users\lucas\AppData\Local\Programs\MiKTeX\tex/latex/xkeyval\xkeyval.sty
Package: xkeyval 2022/06/16 v2.9 package option processing (HA)
 (C:\Users\lucas\AppData\Local\Programs\MiKTeX\tex/generic/xkeyval\xkeyval.tex (C:\Users\lucas\AppData\Local\Programs\MiKTeX\tex/generic/xkeyval\xkvutils.tex
\XKV@toks=\toks30
\XKV@tempa@toks=\toks31
)
\XKV@depth=\count274
File: xkeyval.tex 2014/12/03 v2.7a key=value parser (HA)
)) (C:\Users\lucas\AppData\Local\Programs\MiKTeX\tex/latex/adjustbox\adjcalc.sty
Package: adjcalc 2012/05/16 v1.1 Provides advanced setlength with multiple back-ends (calc, etex, pgfmath)
) (C:\Users\lucas\AppData\Local\Programs\MiKTeX\tex/latex/adjustbox\trimclip.sty
Package: trimclip 2020/08/19 v1.2 Trim and clip general TeX material
 (C:\Users\lucas\AppData\Local\Programs\MiKTeX\tex/latex/collectbox\collectbox.sty
Package: collectbox 2022/10/17 v0.4c Collect macro arguments as boxes
\collectedbox=\box54
)
\tc@llx=\dimen160
\tc@lly=\dimen161
\tc@urx=\dimen162
\tc@ury=\dimen163
Package trimclip Info: Using driver 'tc-pdftex.def'.
 (C:\Users\lucas\AppData\Local\Programs\MiKTeX\tex/latex/adjustbox\tc-pdftex.def
File: tc-pdftex.def 2019/01/04 v2.2 Clipping driver for pdftex
))
\adjbox@Width=\dimen164
\adjbox@Height=\dimen165
\adjbox@Depth=\dimen166
\adjbox@Totalheight=\dimen167
\adjbox@pwidth=\dimen168
\adjbox@pheight=\dimen169
\adjbox@pdepth=\dimen170
\adjbox@ptotalheight=\dimen171
 (C:\Users\lucas\AppData\Local\Programs\MiKTeX\tex/latex/ifoddpage\ifoddpage.sty
Package: ifoddpage 2022/10/18 v1.2 Conditionals for odd/even page detection
\c@checkoddpage=\count275
) (C:\Users\lucas\AppData\Local\Programs\MiKTeX\tex/latex/varwidth\varwidth.sty
Package: varwidth 2009/03/30 ver 0.92;  Variable-width minipages
\@vwid@box=\box55
\sift@deathcycles=\count276
\@vwid@loff=\dimen172
\@vwid@roff=\dimen173
)) (C:\Users\lucas\AppData\Local\Programs\MiKTeX\tex/latex/tools\array.sty
Package: array 2022/09/04 v2.5g Tabular extension package (FMi)
\col@sep=\dimen174
\ar@mcellbox=\box56
\extrarowheight=\dimen175
\NC@list=\toks32
\extratabsurround=\skip56
\backup@length=\skip57
\ar@cellbox=\box57
) (C:\Users\lucas\AppData\Local\Programs\MiKTeX\tex/latex/multirow\multirow.sty
Package: multirow 2021/03/15 v2.8 Span multiple rows of a table
\multirow@colwidth=\skip58
\multirow@cntb=\count277
\multirow@dima=\skip59
\bigstrutjot=\dimen176
) (C:\Users\lucas\AppData\Local\Programs\MiKTeX\tex/latex/caption\subcaption.sty
Package: subcaption 2023/07/28 v1.6b Sub-captions (AR)
 (C:\Users\lucas\AppData\Local\Programs\MiKTeX\tex/latex/caption\caption.sty
Package: caption 2023/08/05 v3.6o Customizing captions (AR)
 (C:\Users\lucas\AppData\Local\Programs\MiKTeX\tex/latex/caption\caption3.sty
Package: caption3 2023/07/31 v2.4d caption3 kernel (AR)
\caption@tempdima=\dimen177
\captionmargin=\dimen178
\caption@leftmargin=\dimen179
\caption@rightmargin=\dimen180
\caption@width=\dimen181
\caption@indent=\dimen182
\caption@parindent=\dimen183
\caption@hangindent=\dimen184
Package caption Info: Standard document class detected.
)
\c@caption@flags=\count278
\c@continuedfloat=\count279
)
Package caption Info: New subtype `subfigure' on input line 238.
\c@subfigure=\count280
Package caption Info: New subtype `subtable' on input line 238.
\c@subtable=\count281
) (C:\Users\lucas\AppData\Local\Programs\MiKTeX\tex/latex/psnfss\pifont.sty
Package: pifont 2020/03/25 PSNFSS-v9.3 Pi font support (SPQR) 
LaTeX Font Info:    Trying to load font information for U+pzd on input line 63.
 (C:\Users\lucas\AppData\Local\Programs\MiKTeX\tex/latex/psnfss\upzd.fd
File: upzd.fd 2001/06/04 font definitions for U/pzd.
)
LaTeX Font Info:    Trying to load font information for U+psy on input line 64.
 (C:\Users\lucas\AppData\Local\Programs\MiKTeX\tex/latex/psnfss\upsy.fd
File: upsy.fd 2001/06/04 font definitions for U/psy.
)) (C:\Users\lucas\AppData\Local\Programs\MiKTeX\tex/latex/base\inputenc.sty
Package: inputenc 2021/02/14 v1.3d Input encoding file
\inpenc@prehook=\toks33
\inpenc@posthook=\toks34
) (C:\Users\lucas\AppData\Local\Programs\MiKTeX\tex/latex/setspace\setspace.sty
Package: setspace 2022/12/04 v6.7b set line spacing
) (C:\Users\lucas\AppData\Local\Programs\MiKTeX\tex/latex/footmisc\footmisc.sty
Package: footmisc 2023/07/05 v6.0f a miscellany of footnote facilities
\FN@temptoken=\toks35
\footnotemargin=\dimen185
\@outputbox@depth=\dimen186
Package footmisc Info: Declaring symbol style bringhurst on input line 696.
Package footmisc Info: Declaring symbol style chicago on input line 704.
Package footmisc Info: Declaring symbol style wiley on input line 713.
Package footmisc Info: Declaring symbol style lamport-robust on input line 724.
Package footmisc Info: Declaring symbol style lamport* on input line 744.
Package footmisc Info: Declaring symbol style lamport*-robust on input line 765.
) (C:\Users\lucas\AppData\Local\Programs\MiKTeX\tex/latex/footnotebackref\footnotebackref.sty
Package: footnotebackref 2012/07/01 v1.0 Backreferences for footnotes (Holger Lange)
 (C:\Users\lucas\AppData\Local\Programs\MiKTeX\tex/latex/letltxmacro\letltxmacro.sty
Package: letltxmacro 2019/12/03 v1.6 Let assignment for LaTeX macros (HO)
) (C:\Users\lucas\AppData\Local\Programs\MiKTeX\tex/latex/hyperref\hyperref.sty
Package: hyperref 2023-02-07 v7.00v Hypertext links for LaTeX
 (C:\Users\lucas\AppData\Local\Programs\MiKTeX\tex/generic/ltxcmds\ltxcmds.sty
Package: ltxcmds 2020-05-10 v1.25 LaTeX kernel commands for general use (HO)
) (C:\Users\lucas\AppData\Local\Programs\MiKTeX\tex/generic/pdftexcmds\pdftexcmds.sty
Package: pdftexcmds 2020-06-27 v0.33 Utility functions of pdfTeX for LuaTeX (HO)
 (C:\Users\lucas\AppData\Local\Programs\MiKTeX\tex/generic/infwarerr\infwarerr.sty
Package: infwarerr 2019/12/03 v1.5 Providing info/warning/error messages (HO)
)
Package pdftexcmds Info: \pdf@primitive is available.
Package pdftexcmds Info: \pdf@ifprimitive is available.
Package pdftexcmds Info: \pdfdraftmode found.
) (C:\Users\lucas\AppData\Local\Programs\MiKTeX\tex/latex/kvsetkeys\kvsetkeys.sty
Package: kvsetkeys 2022-10-05 v1.19 Key value parser (HO)
) (C:\Users\lucas\AppData\Local\Programs\MiKTeX\tex/generic/kvdefinekeys\kvdefinekeys.sty
Package: kvdefinekeys 2019-12-19 v1.6 Define keys (HO)
) (C:\Users\lucas\AppData\Local\Programs\MiKTeX\tex/generic/pdfescape\pdfescape.sty
Package: pdfescape 2019/12/09 v1.15 Implements pdfTeX's escape features (HO)
) (C:\Users\lucas\AppData\Local\Programs\MiKTeX\tex/latex/hycolor\hycolor.sty
Package: hycolor 2020-01-27 v1.10 Color options for hyperref/bookmark (HO)
) (C:\Users\lucas\AppData\Local\Programs\MiKTeX\tex/latex/auxhook\auxhook.sty
Package: auxhook 2019-12-17 v1.6 Hooks for auxiliary files (HO)
) (C:\Users\lucas\AppData\Local\Programs\MiKTeX\tex/latex/hyperref\nameref.sty
Package: nameref 2022-05-17 v2.50 Cross-referencing by name of section
 (C:\Users\lucas\AppData\Local\Programs\MiKTeX\tex/latex/refcount\refcount.sty
Package: refcount 2019/12/15 v3.6 Data extraction from label references (HO)
) (C:\Users\lucas\AppData\Local\Programs\MiKTeX\tex/generic/gettitlestring\gettitlestring.sty
Package: gettitlestring 2019/12/15 v1.6 Cleanup title references (HO)
 (C:\Users\lucas\AppData\Local\Programs\MiKTeX\tex/latex/kvoptions\kvoptions.sty
Package: kvoptions 2022-06-15 v3.15 Key value format for package options (HO)
))
\c@section@level=\count282
)
\@linkdim=\dimen187
\Hy@linkcounter=\count283
\Hy@pagecounter=\count284
 (C:\Users\lucas\AppData\Local\Programs\MiKTeX\tex/latex/hyperref\pd1enc.def
File: pd1enc.def 2023-02-07 v7.00v Hyperref: PDFDocEncoding definition (HO)
Now handling font encoding PD1 ...
... no UTF-8 mapping file for font encoding PD1
) (C:\Users\lucas\AppData\Local\Programs\MiKTeX\tex/generic/intcalc\intcalc.sty
Package: intcalc 2019/12/15 v1.3 Expandable calculations with integers (HO)
) (C:\Users\lucas\AppData\Local\Programs\MiKTeX\tex/generic/etexcmds\etexcmds.sty
Package: etexcmds 2019/12/15 v1.7 Avoid name clashes with e-TeX commands (HO)
)
\Hy@SavedSpaceFactor=\count285
 (C:\Users\lucas\AppData\Local\Programs\MiKTeX\tex/latex/hyperref\puenc.def
File: puenc.def 2023-02-07 v7.00v Hyperref: PDF Unicode definition (HO)
Now handling font encoding PU ...
... no UTF-8 mapping file for font encoding PU
)
Package hyperref Info: Hyper figures OFF on input line 4177.
Package hyperref Info: Link nesting OFF on input line 4182.
Package hyperref Info: Hyper index ON on input line 4185.
Package hyperref Info: Plain pages OFF on input line 4192.
Package hyperref Info: Backreferencing OFF on input line 4197.
Package hyperref Info: Implicit mode ON; LaTeX internals redefined.
Package hyperref Info: Bookmarks ON on input line 4425.
\c@Hy@tempcnt=\count286
 (C:\Users\lucas\AppData\Local\Programs\MiKTeX\tex/latex/url\url.sty
\Urlmuskip=\muskip17
Package: url 2013/09/16  ver 3.4  Verb mode for urls, etc.
)
LaTeX Info: Redefining \url on input line 4763.
\XeTeXLinkMargin=\dimen188
 (C:\Users\lucas\AppData\Local\Programs\MiKTeX\tex/generic/bitset\bitset.sty
Package: bitset 2019/12/09 v1.3 Handle bit-vector datatype (HO)
 (C:\Users\lucas\AppData\Local\Programs\MiKTeX\tex/generic/bigintcalc\bigintcalc.sty
Package: bigintcalc 2019/12/15 v1.5 Expandable calculations on big integers (HO)
))
\Fld@menulength=\count287
\Field@Width=\dimen189
\Fld@charsize=\dimen190
Package hyperref Info: Hyper figures OFF on input line 6042.
Package hyperref Info: Link nesting OFF on input line 6047.
Package hyperref Info: Hyper index ON on input line 6050.
Package hyperref Info: backreferencing OFF on input line 6057.
Package hyperref Info: Link coloring OFF on input line 6062.
Package hyperref Info: Link coloring with OCG OFF on input line 6067.
Package hyperref Info: PDF/A mode OFF on input line 6072.
 (C:\Users\lucas\AppData\Local\Programs\MiKTeX\tex/latex/base\atbegshi-ltx.sty
Package: atbegshi-ltx 2021/01/10 v1.0c Emulation of the original atbegshi
package with kernel methods
)
\Hy@abspage=\count288
\c@Item=\count289
\c@Hfootnote=\count290
)
Package hyperref Info: Driver (autodetected): hpdftex.
 (C:\Users\lucas\AppData\Local\Programs\MiKTeX\tex/latex/hyperref\hpdftex.def
File: hpdftex.def 2023-02-07 v7.00v Hyperref driver for pdfTeX
 (C:\Users\lucas\AppData\Local\Programs\MiKTeX\tex/latex/base\atveryend-ltx.sty
Package: atveryend-ltx 2020/08/19 v1.0a Emulation of the original atveryend package
with kernel methods
)
\Fld@listcount=\count291
\c@bookmark@seq@number=\count292
 (C:\Users\lucas\AppData\Local\Programs\MiKTeX\tex/latex/rerunfilecheck\rerunfilecheck.sty
Package: rerunfilecheck 2022-07-10 v1.10 Rerun checks for auxiliary files (HO)
 (C:\Users\lucas\AppData\Local\Programs\MiKTeX\tex/generic/uniquecounter\uniquecounter.sty
Package: uniquecounter 2019/12/15 v1.4 Provide unlimited unique counter (HO)
)
Package uniquecounter Info: New unique counter `rerunfilecheck' on input line 285.
)
\Hy@SectionHShift=\skip60
)
\c@BackrefHyperFootnoteCounter=\count293
) (C:\Users\lucas\AppData\Local\Programs\MiKTeX\tex/latex/xcolor\xcolor.sty
Package: xcolor 2022/06/12 v2.14 LaTeX color extensions (UK)
 (C:\Users\lucas\AppData\Local\Programs\MiKTeX\tex/latex/graphics-cfg\color.cfg
File: color.cfg 2016/01/02 v1.6 sample color configuration
)
Package xcolor Info: Driver file: pdftex.def on input line 227.
 (C:\Users\lucas\AppData\Local\Programs\MiKTeX\tex/latex/graphics\mathcolor.ltx)
Package xcolor Info: Model `cmy' substituted by `cmy0' on input line 1353.
Package xcolor Info: Model `hsb' substituted by `rgb' on input line 1357.
Package xcolor Info: Model `RGB' extended on input line 1369.
Package xcolor Info: Model `HTML' substituted by `rgb' on input line 1371.
Package xcolor Info: Model `Hsb' substituted by `hsb' on input line 1372.
Package xcolor Info: Model `tHsb' substituted by `hsb' on input line 1373.
Package xcolor Info: Model `HSB' substituted by `hsb' on input line 1374.
Package xcolor Info: Model `Gray' substituted by `gray' on input line 1375.
Package xcolor Info: Model `wave' substituted by `hsb' on input line 1376.
) (C:\Users\lucas\AppData\Local\Programs\MiKTeX\tex/latex/booktabs\booktabs.sty
Package: booktabs 2020/01/12 v1.61803398 Publication quality tables
\heavyrulewidth=\dimen191
\lightrulewidth=\dimen192
\cmidrulewidth=\dimen193
\belowrulesep=\dimen194
\belowbottomsep=\dimen195
\aboverulesep=\dimen196
\abovetopsep=\dimen197
\cmidrulesep=\dimen198
\cmidrulekern=\dimen199
\defaultaddspace=\dimen256
\@cmidla=\count294
\@cmidlb=\count295
\@aboverulesep=\dimen257
\@belowrulesep=\dimen258
\@thisruleclass=\count296
\@lastruleclass=\count297
\@thisrulewidth=\dimen259
) (C:\Users\lucas\AppData\Local\Programs\MiKTeX\tex/latex/float\float.sty
Package: float 2001/11/08 v1.3d Float enhancements (AL)
\c@float@type=\count298
\float@exts=\toks36
\float@box=\box58
\@float@everytoks=\toks37
\@floatcapt=\box59
) (C:\Users\lucas\AppData\Local\Programs\MiKTeX\tex/latex/l3backend\l3backend-pdftex.def
File: l3backend-pdftex.def 2023-03-30 L3 backend support: PDF output (pdfTeX)
\l__color_backend_stack_int=\count299
\l__pdf_internal_box=\box60
) (empirical_v3.aux

LaTeX Warning: Label `fig:ie4_11' multiply defined.


LaTeX Warning: Label `fig:ie4_11' multiply defined.


LaTeX Warning: Label `fig:ie4_11' multiply defined.


LaTeX Warning: Label `fig:ie4_11' multiply defined.


LaTeX Warning: Label `fig:ie4_11' multiply defined.


LaTeX Warning: Label `fig:ie4_11' multiply defined.


LaTeX Warning: Label `fig:ie4_11' multiply defined.


LaTeX Warning: Label `fig:ie4_11' multiply defined.

)
\openout1 = `empirical_v3.aux'.

LaTeX Font Info:    Checking defaults for OML/cmm/m/it on input line 41.
LaTeX Font Info:    ... okay on input line 41.
LaTeX Font Info:    Checking defaults for OMS/cmsy/m/n on input line 41.
LaTeX Font Info:    ... okay on input line 41.
LaTeX Font Info:    Checking defaults for OT1/cmr/m/n on input line 41.
LaTeX Font Info:    ... okay on input line 41.
LaTeX Font Info:    Checking defaults for T1/cmr/m/n on input line 41.
LaTeX Font Info:    ... okay on input line 41.
LaTeX Font Info:    Checking defaults for TS1/cmr/m/n on input line 41.
LaTeX Font Info:    ... okay on input line 41.
LaTeX Font Info:    Checking defaults for OMX/cmex/m/n on input line 41.
LaTeX Font Info:    ... okay on input line 41.
LaTeX Font Info:    Checking defaults for U/cmr/m/n on input line 41.
LaTeX Font Info:    ... okay on input line 41.
LaTeX Font Info:    Checking defaults for PD1/pdf/m/n on input line 41.
LaTeX Font Info:    ... okay on input line 41.
LaTeX Font Info:    Checking defaults for PU/pdf/m/n on input line 41.
LaTeX Font Info:    ... okay on input line 41.

*geometry* driver: auto-detecting
*geometry* detected driver: pdftex
*geometry* verbose mode - [ preamble ] result:
* driver: pdftex
* paper: <default>
* layout: <same size as paper>
* layoutoffset:(h,v)=(0.0pt,0.0pt)
* modes: 
* h-part:(L,W,R)=(50.58878pt, 513.11745pt, 50.58878pt)
* v-part:(T,H,B)=(36.135pt, 708.24622pt, 50.58878pt)
* \paperwidth=614.295pt
* \paperheight=794.96999pt
* \textwidth=513.11745pt
* \textheight=708.24622pt
* \oddsidemargin=-21.68121pt
* \evensidemargin=-21.68121pt
* \topmargin=-73.135pt
* \headheight=12.0pt
* \headsep=25.0pt
* \topskip=12.0pt
* \footskip=30.0pt
* \marginparwidth=0.0pt
* \marginparsep=0.0pt
* \columnsep=10.0pt
* \skip\footins=10.8pt plus 4.0pt minus 2.0pt
* \hoffset=0.0pt
* \voffset=0.0pt
* \mag=1000
* \@twocolumnfalse
* \@twosidefalse
* \@mparswitchfalse
* \@reversemarginfalse
* (1in=72.27pt=25.4mm, 1cm=28.453pt)

(C:\Users\lucas\AppData\Local\Programs\MiKTeX\tex/context/base/mkii\supp-pdf.mkii
[Loading MPS to PDF converter (version 2006.09.02).]
\scratchcounter=\count300
\scratchdimen=\dimen260
\scratchbox=\box61
\nofMPsegments=\count301
\nofMParguments=\count302
\everyMPshowfont=\toks38
\MPscratchCnt=\count303
\MPscratchDim=\dimen261
\MPnumerator=\count304
\makeMPintoPDFobject=\count305
\everyMPtoPDFconversion=\toks39
) (C:\Users\lucas\AppData\Local\Programs\MiKTeX\tex/latex/epstopdf-pkg\epstopdf-base.sty
Package: epstopdf-base 2020-01-24 v2.11 Base part for package epstopdf
Package epstopdf-base Info: Redefining graphics rule for `.eps' on input line 485.
 (C:\Users\lucas\AppData\Local\Programs\MiKTeX\tex/latex/00miktex\epstopdf-sys.cfg
File: epstopdf-sys.cfg 2021/03/18 v2.0 Configuration of epstopdf for MiKTeX
))
Package caption Info: Begin \AtBeginDocument code.
Package caption Info: float package is loaded.
Package caption Info: hyperref package is loaded.
Package caption Info: End \AtBeginDocument code.
Package hyperref Info: Link coloring OFF on input line 41.
 (empirical_v3.out) (empirical_v3.out)
\@outlinefile=\write4
\openout4 = `empirical_v3.out'.

LaTeX Font Info:    Trying to load font information for U+msa on input line 46.
 (C:\Users\lucas\AppData\Local\Programs\MiKTeX\tex/latex/amsfonts\umsa.fd
File: umsa.fd 2013/01/14 v3.01 AMS symbols A
)
LaTeX Font Info:    Trying to load font information for U+msb on input line 46.
 (C:\Users\lucas\AppData\Local\Programs\MiKTeX\tex/latex/amsfonts\umsb.fd
File: umsb.fd 2013/01/14 v3.01 AMS symbols B
)

LaTeX Warning: No \author given.

(Tables/IE4/IE4_price_elasticity_clogit.tex
Overfull \hbox (61.23706pt too wide) in paragraph at lines 4--28
 [][] 
 []

) [1

{C:/Users/lucas/AppData/Local/MiKTeX/fonts/map/pdftex/pdftex.map}]

LaTeX Warning: Reference `fig:ie0_0' on page 2 undefined on input line 64.

<figures/IE4/IE4_int_ext_offers_by_cia.png, id=39, 1074.0125pt x 644.4075pt>
File: figures/IE4/IE4_int_ext_offers_by_cia.png Graphic file (type png)
<use figures/IE4/IE4_int_ext_offers_by_cia.png>
Package pdftex.def Info: figures/IE4/IE4_int_ext_offers_by_cia.png  used on input line 73.
(pdftex.def)             Requested size: 289.98724pt x 173.99234pt.
<figures/IE4/IE4_total_internal_offers_bycompany.png, id=40, 1074.0125pt x 644.4075pt>
File: figures/IE4/IE4_total_internal_offers_bycompany.png Graphic file (type png)
<use figures/IE4/IE4_total_internal_offers_bycompany.png>
Package pdftex.def Info: figures/IE4/IE4_total_internal_offers_bycompany.png  used on input line 82.
(pdftex.def)             Requested size: 289.98724pt x 173.99234pt.
<figures/IE4/IE4_variation_share_external.png, id=41, 1074.0125pt x 644.4075pt>
File: figures/IE4/IE4_variation_share_external.png Graphic file (type png)
<use figures/IE4/IE4_variation_share_external.png>
Package pdftex.def Info: figures/IE4/IE4_variation_share_external.png  used on input line 82.
(pdftex.def)             Requested size: 289.98724pt x 173.99234pt.

Overfull \hbox (90.85707pt too wide) in paragraph at lines 81--84
 [][] 
 []

[2 <./figures/IE4/IE4_int_ext_offers_by_cia.png (PNG copy)> <./figures/IE4/IE4_total_internal_offers_bycompany.png (PNG copy)> <./figures/IE4/IE4_variation_share_external.png (PNG copy)>]
<figures/IE4/IE4_scatter_rating_offer.png, id=48, 1074.0125pt x 644.4075pt>
File: figures/IE4/IE4_scatter_rating_offer.png Graphic file (type png)
<use figures/IE4/IE4_scatter_rating_offer.png>
Package pdftex.def Info: figures/IE4/IE4_scatter_rating_offer.png  used on input line 97.
(pdftex.def)             Requested size: 289.98724pt x 173.99234pt.
<figures/IE4/IE4_binscatter_rating_offer.png, id=49, 1074.0125pt x 644.4075pt>
File: figures/IE4/IE4_binscatter_rating_offer.png Graphic file (type png)
<use figures/IE4/IE4_binscatter_rating_offer.png>
Package pdftex.def Info: figures/IE4/IE4_binscatter_rating_offer.png  used on input line 106.
(pdftex.def)             Requested size: 289.98724pt x 173.99234pt.
<figures/IE4/IE4_box_rating_offer.png, id=50, 1074.0125pt x 644.4075pt>
File: figures/IE4/IE4_box_rating_offer.png Graphic file (type png)
<use figures/IE4/IE4_box_rating_offer.png>
Package pdftex.def Info: figures/IE4/IE4_box_rating_offer.png  used on input line 106.
(pdftex.def)             Requested size: 289.98724pt x 173.99234pt.

Overfull \hbox (90.85707pt too wide) in paragraph at lines 105--108
 [][] 
 []

(Tables/IE4/IE4_rating_correlation.tex) [3 <./figures/IE4/IE4_scatter_rating_offer.png (PNG copy)> <./figures/IE4/IE4_binscatter_rating_offer.png (PNG copy)> <./figures/IE4/IE4_box_rating_offer.png (PNG copy)>]
<figures/IE4/IE4_intermediary_search_box.png, id=57, 1074.0125pt x 644.4075pt>
File: figures/IE4/IE4_intermediary_search_box.png Graphic file (type png)
<use figures/IE4/IE4_intermediary_search_box.png>
Package pdftex.def Info: figures/IE4/IE4_intermediary_search_box.png  used on input line 126.
(pdftex.def)             Requested size: 289.98724pt x 173.99234pt.
 (Tables/ie4/IE4_ttest_full.tex) [4 <./figures/IE4/IE4_intermediary_search_box.png (PNG copy)>] (Tables/IE4/IE4_search_by_intermediary.tex) (Tables/IE4/IE4_search_by_intermediary_type.tex)
<figures/IE4/IE4_external_offers_by_intermediary.png, id=64, 1074.0125pt x 644.4075pt>
File: figures/IE4/IE4_external_offers_by_intermediary.png Graphic file (type png)
<use figures/IE4/IE4_external_offers_by_intermediary.png>
Package pdftex.def Info: figures/IE4/IE4_external_offers_by_intermediary.png  used on input line 151.
(pdftex.def)             Requested size: 289.98724pt x 173.99234pt.
<figures/IE4/IE4_external_distribution_by_intermediary.png, id=65, 1074.0125pt x 644.4075pt>
File: figures/IE4/IE4_external_distribution_by_intermediary.png Graphic file (type png)
<use figures/IE4/IE4_external_distribution_by_intermediary.png>
Package pdftex.def Info: figures/IE4/IE4_external_distribution_by_intermediary.png  used on input line 151.
(pdftex.def)             Requested size: 289.98724pt x 173.99234pt.

Overfull \hbox (90.85707pt too wide) in paragraph at lines 150--153
 [][] 
 []

<figures/IE4/IE4_external_acceptance_by_intermediary.png, id=66, 1074.0125pt x 644.4075pt>
File: figures/IE4/IE4_external_acceptance_by_intermediary.png Graphic file (type png)
<use figures/IE4/IE4_external_acceptance_by_intermediary.png>
Package pdftex.def Info: figures/IE4/IE4_external_acceptance_by_intermediary.png  used on input line 160.
(pdftex.def)             Requested size: 289.98724pt x 173.99234pt.
(Tables/ie4/ie4_regression_external.tex) (Tables/ie4/IE4_logit_choose_external.tex)
<figures/IE4/IE4_external_by_income_intermediary.png, id=67, 1074.0125pt x 644.4075pt>
File: figures/IE4/IE4_external_by_income_intermediary.png Graphic file (type png)
<use figures/IE4/IE4_external_by_income_intermediary.png>
Package pdftex.def Info: figures/IE4/IE4_external_by_income_intermediary.png  used on input line 172.
(pdftex.def)             Requested size: 289.98724pt x 173.99234pt.
 [5 <./figures/IE4/IE4_external_offers_by_intermediary.png (PNG copy)> <./figures/IE4/IE4_external_distribution_by_intermediary.png (PNG copy)> <./figures/IE4/IE4_external_acceptance_by_intermediary.png (PNG copy)>] [6] [7 <./figures/IE4/IE4_external_by_income_intermediary.png (PNG copy)>] (Tables/ie4/IE4_chose_highest_stats.tex) (Tables/ie4/IE4_highest_by_income.tex
Overfull \hbox (137.18268pt too wide) in paragraph at lines 4--12
 [][] 
 []

)
<figures/IE4/IE4_highest_by_income.png, id=88, 1691.31876pt x 1014.79124pt>
File: figures/IE4/IE4_highest_by_income.png Graphic file (type png)
<use figures/IE4/IE4_highest_by_income.png>
Package pdftex.def Info: figures/IE4/IE4_highest_by_income.png  used on input line 188.
(pdftex.def)             Requested size: 456.66217pt x 273.9973pt.
 (Tables/ie4/IE4_highest_by_intermediary.tex
Overfull \hbox (137.18268pt too wide) in paragraph at lines 4--12
 [][] 
 []

)
<figures/IE4/IE4_highest_by_intermediary_type.png, id=89, 1691.31876pt x 1014.79124pt>
File: figures/IE4/IE4_highest_by_intermediary_type.png Graphic file (type png)
<use figures/IE4/IE4_highest_by_intermediary_type.png>
Package pdftex.def Info: figures/IE4/IE4_highest_by_intermediary_type.png  used on input line 201.
(pdftex.def)             Requested size: 456.66217pt x 273.9973pt.
<figures/IE4/IE4_highest_by_intermediary_type(2).png, id=90, 1691.31876pt x 1014.79124pt>
File: figures/IE4/IE4_highest_by_intermediary_type(2).png Graphic file (type png)
<use figures/IE4/IE4_highest_by_intermediary_type(2).png>
Package pdftex.def Info: figures/IE4/IE4_highest_by_intermediary_type(2).png  used on input line 202.
(pdftex.def)             Requested size: 456.66217pt x 273.9973pt.

Overfull \hbox (424.20692pt too wide) in paragraph at lines 200--204
 [][] 
 []

[8 <./figures/IE4/IE4_highest_by_income.png (PNG copy)>] (Tables/IE4/IE4_highest_by_external.tex
Overfull \hbox (137.18268pt too wide) in paragraph at lines 4--12
 [][] 
 []

)
<figures/IE4/IE4_highest_income_intermediary.png, id=98, 1691.31876pt x 1014.79124pt>
File: figures/IE4/IE4_highest_income_intermediary.png Graphic file (type png)
<use figures/IE4/IE4_highest_income_intermediary.png>
Package pdftex.def Info: figures/IE4/IE4_highest_income_intermediary.png  used on input line 215.
(pdftex.def)             Requested size: 456.66217pt x 273.9973pt.
<figures/IE4/IE4_highest_income_external.png, id=99, 1691.31876pt x 1014.79124pt>
File: figures/IE4/IE4_highest_income_external.png Graphic file (type png)
<use figures/IE4/IE4_highest_income_external.png>
Package pdftex.def Info: figures/IE4/IE4_highest_income_external.png  used on input line 215.
(pdftex.def)             Requested size: 456.66217pt x 273.9973pt.

Overfull \hbox (424.20692pt too wide) in paragraph at lines 214--217
 [][] 
 []

[9 <./figures/IE4/IE4_highest_by_intermediary_type.png (PNG copy)> <./figures/IE4/IE4_highest_by_intermediary_type(2).png (PNG copy)>]
<figures/IE4/IE4_foregone_distribution.png, id=106, 1691.31876pt x 1014.79124pt>
File: figures/IE4/IE4_foregone_distribution.png Graphic file (type png)
<use figures/IE4/IE4_foregone_distribution.png>
Package pdftex.def Info: figures/IE4/IE4_foregone_distribution.png  used on input line 230.
(pdftex.def)             Requested size: 456.66217pt x 273.9973pt.
 (Tables/IE4/IE4_foregone_regression.tex) [10 <./figures/IE4/IE4_highest_income_intermediary.png (PNG copy)> <./figures/IE4/IE4_highest_income_external.png (PNG copy)> <./figures/IE4/IE4_foregone_distribution.png (PNG copy)>] [11] (Tables/ie4/IE4_rank_of_accepted_external.tex
Overfull \hbox (711.55423pt too wide) in paragraph at lines 4--12
 [][] 
 []

)
<figures/IE4/IE4_rank_of_accepted_external.png, id=118, 1691.31876pt x 1014.79124pt>
File: figures/IE4/IE4_rank_of_accepted_external.png Graphic file (type png)
<use figures/IE4/IE4_rank_of_accepted_external.png>
Package pdftex.def Info: figures/IE4/IE4_rank_of_accepted_external.png  used on input line 251.
(pdftex.def)             Requested size: 456.66217pt x 273.9973pt.
 (Tables/ie4/IE4_rank_comparison_external_internal.tex
Overfull \hbox (318.8483pt too wide) in paragraph at lines 4--12
 [][] 
 []

) (Tables/ie4/IE4_share_best_offers.tex)
<figures/IE4/IE4_rank_by_type_income.png, id=119, 1691.31876pt x 1014.79124pt>
File: figures/IE4/IE4_rank_by_type_income.png Graphic file (type png)
<use figures/IE4/IE4_rank_by_type_income.png>
Package pdftex.def Info: figures/IE4/IE4_rank_by_type_income.png  used on input line 268.
(pdftex.def)             Requested size: 287.52039pt x 172.51222pt.
 [12 <./figures/IE4/IE4_rank_of_accepted_external.png (PNG copy)>] [13 <./figures/IE4/IE4_rank_by_type_income.png (PNG copy)>]
<figures/IE4/IE4_mortality_curves_by_age.png, id=134, 1691.31876pt x 1014.79124pt>
File: figures/IE4/IE4_mortality_curves_by_age.png Graphic file (type png)
<use figures/IE4/IE4_mortality_curves_by_age.png>
Package pdftex.def Info: figures/IE4/IE4_mortality_curves_by_age.png  used on input line 281.
(pdftex.def)             Requested size: 456.66217pt x 273.9973pt.
<figures/IE4/IE4_mortality_rates_unsmoothed.png, id=135, 1691.31876pt x 1014.79124pt>
File: figures/IE4/IE4_mortality_rates_unsmoothed.png Graphic file (type png)
<use figures/IE4/IE4_mortality_rates_unsmoothed.png>
Package pdftex.def Info: figures/IE4/IE4_mortality_rates_unsmoothed.png  used on input line 291.
(pdftex.def)             Requested size: 287.52039pt x 172.51222pt.
<figures/IE4/IE4_mortality_rates_smoothed.png, id=136, 1691.31876pt x 1014.79124pt>
File: figures/IE4/IE4_mortality_rates_smoothed.png Graphic file (type png)
<use figures/IE4/IE4_mortality_rates_smoothed.png>
Package pdftex.def Info: figures/IE4/IE4_mortality_rates_smoothed.png  used on input line 292.
(pdftex.def)             Requested size: 287.52039pt x 172.51222pt.

Overfull \hbox (85.92336pt too wide) in paragraph at lines 290--294
 [][] 
 []

<figures/IE4/IE4_survival_curves_by_age_top_firms.png, id=137, 1691.31876pt x 1014.79124pt>
File: figures/IE4/IE4_survival_curves_by_age_top_firms.png Graphic file (type png)
<use figures/IE4/IE4_survival_curves_by_age_top_firms.png>
Package pdftex.def Info: figures/IE4/IE4_survival_curves_by_age_top_firms.png  used on input line 304.
(pdftex.def)             Requested size: 338.25775pt x 202.95465pt.
[14 <./figures/IE4/IE4_mortality_curves_by_age.png (PNG copy)> <./figures/IE4/IE4_mortality_rates_unsmoothed.png (PNG copy)> <./figures/IE4/IE4_mortality_rates_smoothed.png (PNG copy)>] [15 <./figures/IE4/IE4_survival_curves_by_age_top_firms.png (PNG copy)>] (empirical_v3.aux)

LaTeX Warning: There were undefined references.


LaTeX Warning: There were multiply-defined labels.

Package rerunfilecheck Info: File `empirical_v3.out' has not changed.
(rerunfilecheck)             Checksum: 9350B68966E729C5651011519C1FA64D;1192.
 ) 
Here is how much of TeX's memory you used:
 13984 strings out of 476331
 238929 string characters out of 5787765
 1869660 words of memory out of 5000000
 34078 multiletter control sequences out of 15000+600000
 521740 words of font info for 68 fonts, out of 8000000 for 9000
 1141 hyphenation exceptions out of 8191
 90i,13n,131p,625b,444s stack positions out of 10000i,1000n,20000p,200000b,200000s
<C:/Users/lucas/AppData/Local/Programs/MiKTeX/fonts/type1/public/amsfonts/cm/cmbx12.pfb><C:/Users/lucas/AppData/Local/Programs/MiKTeX/fonts/type1/public/amsfonts/cm/cmmi12.pfb><C:/Users/lucas/AppData/Local/Programs/MiKTeX/fonts/type1/public/amsfonts/cm/cmr10.pfb><C:/Users/lucas/AppData/Local/Programs/MiKTeX/fonts/type1/public/amsfonts/cm/cmr12.pfb><C:/Users/lucas/AppData/Local/Programs/MiKTeX/fonts/type1/public/amsfonts/cm/cmr17.pfb><C:/Users/lucas/AppData/Local/Programs/MiKTeX/fonts/type1/public/amsfonts/cm/cmsy8.pfb>
Output written on empirical_v3.pdf (15 pages, 1950754 bytes).
PDF statistics:
 189 PDF objects out of 1000 (max. 8388607)
 52 named destinations out of 1000 (max. 500000)
 164 words of extra memory for PDF output out of 10000 (max. 10000000)

